<?xml version="1.0" encoding="UTF-8"?>
<testsuite name="com.streamlinx.fsc.MasterAgreementDataStructureSpec" tests="3" skipped="0" failures="0" errors="0" timestamp="2014-09-07T10:04:14" hostname="transient" time="0.0030">
  <properties/>
  <testcase name="It belongs to a CustomerLocation" classname="com.streamlinx.fsc.MasterAgreementDataStructureSpec" time="0.0"/>
  <testcase name="It has many MasterInvoices" classname="com.streamlinx.fsc.MasterAgreementDataStructureSpec" time="0.0010"/>
  <testcase name="It has many MasterAgreementLineItems" classname="com.streamlinx.fsc.MasterAgreementDataStructureSpec" time="0.0"/>
  <system-out><![CDATA[]]></system-out>
  <system-err><![CDATA[]]></system-err>
</testsuite>
