<?xml version="1.0" encoding="UTF-8"?>
<testsuite name="com.streamlinx.fsc.spec.unit.MasterInvoiceSpec" tests="9" skipped="0" failures="0" errors="0" timestamp="2014-09-11T17:12:10" hostname="transient" time="0.097">
  <properties/>
  <testcase name="We can derive the aggregate amount of an invoice" classname="com.streamlinx.fsc.spec.unit.MasterInvoiceSpec" time="0.016"/>
  <testcase name="It can aggregate the totals of it's MasterAgreementLineItems" classname="com.streamlinx.fsc.spec.unit.MasterInvoiceSpec" time="0.012"/>
  <testcase name="We can derive the aggregate amount of an invoices' ServiceContractLineItems" classname="com.streamlinx.fsc.spec.unit.MasterInvoiceSpec" time="0.011"/>
  <testcase name="We can determine if a MasterInvoice contains any new starts" classname="com.streamlinx.fsc.spec.unit.MasterInvoiceSpec" time="0.0080"/>
  <testcase name="We can determine that a MasterInvoice contains On Demand items" classname="com.streamlinx.fsc.spec.unit.MasterInvoiceSpec" time="0.0080"/>
  <testcase name="We can derive the aggregate amount received by an invoice" classname="com.streamlinx.fsc.spec.unit.MasterInvoiceSpec" time="0.01"/>
  <testcase name="We can derive the aggregate amount of an invoices' MasterAgreementLineItems" classname="com.streamlinx.fsc.spec.unit.MasterInvoiceSpec" time="0.014"/>
  <testcase name="We can derive the aggregate amount of an invoices' ServiceContractLineItems" classname="com.streamlinx.fsc.spec.unit.MasterInvoiceSpec" time="0.014"/>
  <testcase name="It can get the date that it is due" classname="com.streamlinx.fsc.spec.unit.MasterInvoiceSpec" time="0.0"/>
  <system-out><![CDATA[]]></system-out>
  <system-err><![CDATA[]]></system-err>
</testsuite>
