<?xml version="1.0" encoding="UTF-8"?>
<testsuite name="com.streamlinx.fsc.spec.unit.ServiceDeliveryProfileDateFunctionsSpec" tests="24" skipped="0" failures="0" errors="0" timestamp="2014-09-11T17:12:09" hostname="transient" time="0.868">
  <properties/>
  <testcase name="We can get the last occurrence of a day for a given month" classname="com.streamlinx.fsc.spec.unit.ServiceDeliveryProfileDateFunctionsSpec" time="0.016"/>
  <testcase name="getNextOccurrenceOfDay returns the next occurrence of the given day of the week" classname="com.streamlinx.fsc.spec.unit.ServiceDeliveryProfileDateFunctionsSpec" time="0.0080"/>
  <testcase name="getDateOfNthDayOccuranceInMonth returns the date of the nth occurrence of the given day of the week in the given month" classname="com.streamlinx.fsc.spec.unit.ServiceDeliveryProfileDateFunctionsSpec" time="0.05"/>
  <testcase name="getLastOfMonth gives us the last day of the month" classname="com.streamlinx.fsc.spec.unit.ServiceDeliveryProfileDateFunctionsSpec" time="0.0050"/>
  <testcase name="getFirstOfMonth gives us the first day of the month" classname="com.streamlinx.fsc.spec.unit.ServiceDeliveryProfileDateFunctionsSpec" time="0.0030"/>
  <testcase name="Verify that getPriorSaturday correctly returns the prior saturday for a variety of dates" classname="com.streamlinx.fsc.spec.unit.ServiceDeliveryProfileDateFunctionsSpec" time="0.013"/>
  <testcase name="generateYearlyRecurringServiceMonth returns with the expected size" classname="com.streamlinx.fsc.spec.unit.ServiceDeliveryProfileDateFunctionsSpec" time="0.026"/>
  <testcase name="generateYearlyRecurringServiceMonth returns with the expected notes value" classname="com.streamlinx.fsc.spec.unit.ServiceDeliveryProfileDateFunctionsSpec" time="0.016"/>
  <testcase name="generateYearlyRecurringServiceMonth returns with the expected soft value" classname="com.streamlinx.fsc.spec.unit.ServiceDeliveryProfileDateFunctionsSpec" time="0.0080"/>
  <testcase name="generateYearlyRecurringServiceMonth returns with the expected date" classname="com.streamlinx.fsc.spec.unit.ServiceDeliveryProfileDateFunctionsSpec" time="0.014"/>
  <testcase name="for 7x (Every Day) weekly service, generateServiceMonth returns the expected size" classname="com.streamlinx.fsc.spec.unit.ServiceDeliveryProfileDateFunctionsSpec" time="0.309"/>
  <testcase name="generateServiceWeek will return a list of ServiceDeliveryProfileDetail that contain the expected soft value" classname="com.streamlinx.fsc.spec.unit.ServiceDeliveryProfileDateFunctionsSpec" time="0.0090"/>
  <testcase name="generateServiceWeek will return a list of ServiceDeliveryProfileDetail that contain the expected notes" classname="com.streamlinx.fsc.spec.unit.ServiceDeliveryProfileDateFunctionsSpec" time="0.014"/>
  <testcase name="for weekly recurring service, generateServiceWeek will return a list of ServiceDeliveryProfileDetail that matches the expected size" classname="com.streamlinx.fsc.spec.unit.ServiceDeliveryProfileDateFunctionsSpec" time="0.023"/>
  <testcase name="generateMonthlyRecurringServiceMonth returns with the expected deliveryNote value" classname="com.streamlinx.fsc.spec.unit.ServiceDeliveryProfileDateFunctionsSpec" time="0.043"/>
  <testcase name="generateMonthlyRecurringServiceMonth returns with the expected soft value" classname="com.streamlinx.fsc.spec.unit.ServiceDeliveryProfileDateFunctionsSpec" time="0.027"/>
  <testcase name="generateMonthlyRecurringServiceMonth returns with the expected dates" classname="com.streamlinx.fsc.spec.unit.ServiceDeliveryProfileDateFunctionsSpec" time="0.01"/>
  <testcase name="initializeServiceDays creates an expected amount of serviceDays" classname="com.streamlinx.fsc.spec.unit.ServiceDeliveryProfileDateFunctionsSpec" time="0.127"/>
  <testcase name="For yearly recurring service, generateServiceMonth returns with the expected size" classname="com.streamlinx.fsc.spec.unit.ServiceDeliveryProfileDateFunctionsSpec" time="0.038"/>
  <testcase name="For monthly recurring service, generateServiceMonth returns with the expected size" classname="com.streamlinx.fsc.spec.unit.ServiceDeliveryProfileDateFunctionsSpec" time="0.0060"/>
  <testcase name="generateMonthlyRecurringServiceMonth returns with the expected size" classname="com.streamlinx.fsc.spec.unit.ServiceDeliveryProfileDateFunctionsSpec" time="0.0050"/>
  <testcase name="initializeServiceDays creates serviceDays with expected default data for yearly recurring service" classname="com.streamlinx.fsc.spec.unit.ServiceDeliveryProfileDateFunctionsSpec" time="0.054"/>
  <testcase name="initializeServiceDays creates serviceDays with expected default data for monthly recurring service" classname="com.streamlinx.fsc.spec.unit.ServiceDeliveryProfileDateFunctionsSpec" time="0.0060"/>
  <testcase name="initializeServiceDays creates serviceDays with expected default data for weekly recurring service" classname="com.streamlinx.fsc.spec.unit.ServiceDeliveryProfileDateFunctionsSpec" time="0.025"/>
  <system-out><![CDATA[]]></system-out>
  <system-err><![CDATA[]]></system-err>
</testsuite>
