<?xml version="1.0" encoding="UTF-8"?>
<testsuite name="com.streamlinx.fsc.MasterAgreementLineItemDataStructureSpec" tests="2" skipped="0" failures="0" errors="0" timestamp="2014-09-11T17:12:09" hostname="transient" time="0.0070">
  <properties/>
  <testcase name="It belongs to a MasterAgreement" classname="com.streamlinx.fsc.MasterAgreementLineItemDataStructureSpec" time="0.0060"/>
  <testcase name="It has many CustomerReceiptAllocations" classname="com.streamlinx.fsc.MasterAgreementLineItemDataStructureSpec" time="0.0"/>
  <system-out><![CDATA[]]></system-out>
  <system-err><![CDATA[]]></system-err>
</testsuite>
