<?xml version="1.0" encoding="UTF-8"?>
<testsuite name="com.streamlinx.fsc.MasterAgreementLineItemDataStructureSpec" tests="2" skipped="0" failures="0" errors="0" timestamp="2014-09-08T15:03:36" hostname="transient" time="0.011">
  <properties/>
  <testcase name="It belongs to a MasterAgreement" classname="com.streamlinx.fsc.MasterAgreementLineItemDataStructureSpec" time="0.0090"/>
  <testcase name="It has many CustomerReceiptAllocations" classname="com.streamlinx.fsc.MasterAgreementLineItemDataStructureSpec" time="0.0010"/>
  <system-out><![CDATA[]]></system-out>
  <system-err><![CDATA[]]></system-err>
</testsuite>
