<?xml version="1.0" encoding="UTF-8"?>
<testsuite name="com.streamlinx.fsc.ServiceContractDataStructureSpec" tests="4" skipped="0" failures="0" errors="0" timestamp="2014-09-07T10:04:14" hostname="transient" time="0.0050">
  <properties/>
  <testcase name="It belongs to a CustomerLocation" classname="com.streamlinx.fsc.ServiceContractDataStructureSpec" time="0.0010"/>
  <testcase name="It has many ServiceDeliveryProfiles" classname="com.streamlinx.fsc.ServiceContractDataStructureSpec" time="0.0"/>
  <testcase name="It has many ServiceContractLineItems" classname="com.streamlinx.fsc.ServiceContractDataStructureSpec" time="0.0010"/>
  <testcase name="It has many ActionItems" classname="com.streamlinx.fsc.ServiceContractDataStructureSpec" time="0.0"/>
  <system-out><![CDATA[]]></system-out>
  <system-err><![CDATA[]]></system-err>
</testsuite>
