<?xml version="1.0" encoding="UTF-8"?>
<testsuite name="com.streamlinx.fsc.MasterAgreementSpec" tests="7" skipped="0" failures="0" errors="0" timestamp="2014-09-07T10:09:56" hostname="transient" time="0.425">
  <properties/>
  <testcase name="It can get the aggregate amount due" classname="com.streamlinx.fsc.MasterAgreementSpec" time="0.288"/>
  <testcase name="It can determine if it has pending ServiceContractLineItems" classname="com.streamlinx.fsc.MasterAgreementSpec" time="0.015"/>
  <testcase name="It can determine if it has pending MasterAgreementLineItems" classname="com.streamlinx.fsc.MasterAgreementSpec" time="0.013"/>
  <testcase name="It can determine if it has pending items" classname="com.streamlinx.fsc.MasterAgreementSpec" time="0.025"/>
  <testcase name="It can aggregate pending charges/credits" classname="com.streamlinx.fsc.MasterAgreementSpec" time="0.034"/>
  <testcase name="It can aggregate pending ServiceContract Amounts" classname="com.streamlinx.fsc.MasterAgreementSpec" time="0.022"/>
  <testcase name="It can aggregate the pending amount" classname="com.streamlinx.fsc.MasterAgreementSpec" time="0.024"/>
  <system-out><![CDATA[]]></system-out>
  <system-err><![CDATA[]]></system-err>
</testsuite>
